============================= test session starts =============================
platform win32 -- Python 3.14.6, pytest-9.0.3, pluggy-1.6.0 -- C:\Users\Tesla\AppData\Local\Programs\Python\Python314\python.exe
cachedir: .pytest_cache
benchmark: 5.2.3 (defaults: timer=time.perf_counter disable_gc=False min_rounds=5 min_time=0.000005 max_time=1.0 calibration_precision=10 warmup=False warmup_iterations=100000)
rootdir: C:\tmp\lum_vmb2
configfile: pyproject.toml
plugins: anyio-4.13.0, benchmark-5.2.3, cov-7.1.0, split-0.11.0, timeout-2.4.0, xdist-3.8.0, zarr-3.1.6
collecting ... collected 6 items

tests/unit/test_verify_b7c_round2.py::test_vb7c2_the_bar_is_derived_against_the_field_on_both_sides PASSED [ 16%]
tests/unit/test_verify_b7c_round2.py::test_vb7c2_the_reading_is_of_the_returned_field_not_of_the_branch_sum PASSED [ 33%]
tests/unit/test_verify_b7c_round2.py::test_vb7c2_the_entry_cap_survives_the_refinement_d2_is_about PASSED [ 50%]
tests/unit/test_verify_b7c_round2.py::test_vb7c2_an_unmeasurable_reading_is_never_reported_as_ok PASSED [ 66%]
tests/unit/test_verify_b7c_round2.py::test_vb7c2_a_fallback_plane_is_arbitrated_on_the_field_it_returns PASSED [ 83%]
tests/unit/test_verify_b7c_round2.py::test_vb7c2_the_bar_is_one_constant_and_the_band_is_its_reciprocal PASSED [100%]

============================ slowest 20 durations =============================
31.79s call     tests/unit/test_verify_b7c_round2.py::test_vb7c2_the_bar_is_derived_against_the_field_on_both_sides
4.15s call     tests/unit/test_verify_b7c_round2.py::test_vb7c2_the_reading_is_of_the_returned_field_not_of_the_branch_sum
1.31s call     tests/unit/test_verify_b7c_round2.py::test_vb7c2_the_entry_cap_survives_the_refinement_d2_is_about
1.27s call     tests/unit/test_verify_b7c_round2.py::test_vb7c2_a_fallback_plane_is_arbitrated_on_the_field_it_returns
0.45s call     tests/unit/test_verify_b7c_round2.py::test_vb7c2_an_unmeasurable_reading_is_never_reported_as_ok
0.02s teardown tests/unit/test_verify_b7c_round2.py::test_vb7c2_the_bar_is_one_constant_and_the_band_is_its_reciprocal

(12 durations < 0.005s hidden.  Use -vv to show these durations.)
============================= 6 passed in 39.55s ==============================
